<?xml version="1.0" encoding="UTF-8"?>
<testng-results skipped="0" failed="0" ignored="0" total="2" passed="2">
  <reporter-output>
  </reporter-output>
  <suite name="Default suite" duration-ms="191" started-at="2020-02-17T13:06:00Z" finished-at="2020-02-17T13:06:00Z">
    <groups>
    </groups>
    <test name="Default test" duration-ms="191" started-at="2020-02-17T13:06:00Z" finished-at="2020-02-17T13:06:00Z">
      <class name="Project2.MavenTestProjectOne.NewTest">
        <test-method status="PASS" signature="method1()[pri:0, instance:Project2.MavenTestProjectOne.NewTest@6d00a15d]" name="method1" is-config="true" duration-ms="50" started-at="2020-02-17T13:06:00Z" finished-at="2020-02-17T13:06:00Z">
          <reporter-output>
          </reporter-output>
        </test-method> <!-- method1 -->
        <test-method status="PASS" signature="method5()[pri:0, instance:Project2.MavenTestProjectOne.NewTest@6d00a15d]" name="method5" is-config="true" duration-ms="1" started-at="2020-02-17T13:06:00Z" finished-at="2020-02-17T13:06:00Z">
          <reporter-output>
          </reporter-output>
        </test-method> <!-- method5 -->
        <test-method status="PASS" signature="method3()[pri:0, instance:Project2.MavenTestProjectOne.NewTest@6d00a15d]" name="method3" duration-ms="16" started-at="2020-02-17T13:06:00Z" finished-at="2020-02-17T13:06:00Z">
          <reporter-output>
          </reporter-output>
        </test-method> <!-- method3 -->
        <test-method status="PASS" signature="method6()[pri:0, instance:Project2.MavenTestProjectOne.NewTest@6d00a15d]" name="method6" is-config="true" duration-ms="9" started-at="2020-02-17T13:06:00Z" finished-at="2020-02-17T13:06:00Z">
          <reporter-output>
          </reporter-output>
        </test-method> <!-- method6 -->
        <test-method status="PASS" signature="method5()[pri:0, instance:Project2.MavenTestProjectOne.NewTest@6d00a15d]" name="method5" is-config="true" duration-ms="2" started-at="2020-02-17T13:06:00Z" finished-at="2020-02-17T13:06:00Z">
          <reporter-output>
          </reporter-output>
        </test-method> <!-- method5 -->
        <test-method status="PASS" signature="method4()[pri:0, instance:Project2.MavenTestProjectOne.NewTest@6d00a15d]" name="method4" duration-ms="6" started-at="2020-02-17T13:06:00Z" finished-at="2020-02-17T13:06:00Z">
          <reporter-output>
          </reporter-output>
        </test-method> <!-- method4 -->
        <test-method status="PASS" signature="method6()[pri:0, instance:Project2.MavenTestProjectOne.NewTest@6d00a15d]" name="method6" is-config="true" duration-ms="1" started-at="2020-02-17T13:06:00Z" finished-at="2020-02-17T13:06:00Z">
          <reporter-output>
          </reporter-output>
        </test-method> <!-- method6 -->
        <test-method status="PASS" signature="method2()[pri:0, instance:Project2.MavenTestProjectOne.NewTest@6d00a15d]" name="method2" is-config="true" duration-ms="1" started-at="2020-02-17T13:06:00Z" finished-at="2020-02-17T13:06:00Z">
          <reporter-output>
          </reporter-output>
        </test-method> <!-- method2 -->
      </class> <!-- Project2.MavenTestProjectOne.NewTest -->
    </test> <!-- Default test -->
  </suite> <!-- Default suite -->
</testng-results>
